[youtube:tab] Extracting URL: https://youtube.com/playlist?list=PLZ9cCmppjelMTIBtpSh4tf-Me9SsLyu9H&si=-Ho8uaq4apVXEsqY
[youtube:tab] PLZ9cCmppjelMTIBtpSh4tf-Me9SsLyu9H: Downloading webpage
[youtube:tab] PLZ9cCmppjelMTIBtpSh4tf-Me9SsLyu9H: Redownloading playlist API JSON with unavailable videos
[download] Downloading playlist: Financial Services and Investment Management
[youtube:tab] Playlist Financial Services and Investment Management: Downloading 20 items of 94
[download] Downloading item 1 of 20
[youtube] Extracting URL: https://www.youtube.com/watch?v=QzQRWoJLD6k
[youtube] QzQRWoJLD6k: Downloading webpage
[youtube] QzQRWoJLD6k: Downloading android vr player API JSON
[youtube] QzQRWoJLD6k: Downloading web safari player API JSON
[youtube] QzQRWoJLD6k: Downloading player 4c5cf06a-tv
[youtube] [jsc:deno] Solving JS challenges using deno
[youtube] QzQRWoJLD6k: Downloading m3u8 information
[info] QzQRWoJLD6k: Downloading 1 format(s): 136+251
[info] There are no subtitles for the requested languages
[download] Downloading item 2 of 20
[youtube] Extracting URL: https://www.youtube.com/watch?v=KxZeGIa_JZc
[youtube] KxZeGIa_JZc: Downloading webpage
[youtube] KxZeGIa_JZc: Downloading android vr player API JSON
[youtube] KxZeGIa_JZc: Downloading web safari player API JSON
[youtube] [jsc:deno] Solving JS challenges using deno
[youtube] KxZeGIa_JZc: Downloading m3u8 information
[info] KxZeGIa_JZc: Downloading 1 format(s): 136+251
[info] There are no subtitles for the requested languages
[download] Downloading item 3 of 20
[youtube] Extracting URL: https://www.youtube.com/watch?v=nde1c-63vtY
[youtube] nde1c-63vtY: Downloading webpage
[youtube] nde1c-63vtY: Downloading android vr player API JSON
[youtube] nde1c-63vtY: Downloading web safari player API JSON
[download] Downloading item 4 of 20
[youtube] Extracting URL: https://www.youtube.com/watch?v=2d2vTY7XeiI
[youtube] 2d2vTY7XeiI: Downloading webpage
[youtube] 2d2vTY7XeiI: Downloading android vr player API JSON
[youtube] 2d2vTY7XeiI: Downloading web safari player API JSON
[download] Downloading item 5 of 20
[youtube] Extracting URL: https://www.youtube.com/watch?v=YmSIPnI535c
[youtube] YmSIPnI535c: Downloading webpage
[youtube] YmSIPnI535c: Downloading android vr player API JSON
[youtube] YmSIPnI535c: Downloading web safari player API JSON
[download] Downloading item 6 of 20
[youtube] Extracting URL: https://www.youtube.com/watch?v=VulQyvg5YMw
[youtube] VulQyvg5YMw: Downloading webpage
[youtube] VulQyvg5YMw: Downloading android vr player API JSON
[youtube] VulQyvg5YMw: Downloading web safari player API JSON
[youtube] [jsc:deno] Solving JS challenges using deno
[youtube] VulQyvg5YMw: Downloading m3u8 information
[info] VulQyvg5YMw: Downloading 1 format(s): 136+251
[info] There are no subtitles for the requested languages
[download] Downloading item 7 of 20
[youtube] Extracting URL: https://www.youtube.com/watch?v=no0pQRkx8Ko
[youtube] no0pQRkx8Ko: Downloading webpage
[youtube] no0pQRkx8Ko: Downloading android vr player API JSON
[youtube] no0pQRkx8Ko: Downloading web safari player API JSON
[youtube] [jsc:deno] Solving JS challenges using deno
[youtube] no0pQRkx8Ko: Downloading m3u8 information
[info] no0pQRkx8Ko: Downloading 1 format(s): 95
[info] There are no subtitles for the requested languages
[download] Downloading item 8 of 20
[youtube] Extracting URL: https://www.youtube.com/watch?v=wxgeq-Fzc4w
[youtube] wxgeq-Fzc4w: Downloading webpage
[youtube] wxgeq-Fzc4w: Downloading android vr player API JSON
[youtube] wxgeq-Fzc4w: Downloading web safari player API JSON
[youtube] [jsc:deno] Solving JS challenges using deno
[youtube] wxgeq-Fzc4w: Downloading m3u8 information
[info] wxgeq-Fzc4w: Downloading 1 format(s): 95
[info] There are no subtitles for the requested languages
[download] Downloading item 9 of 20
[youtube] Extracting URL: https://www.youtube.com/watch?v=clSloJpr8kU
[youtube] clSloJpr8kU: Downloading webpage
[youtube] clSloJpr8kU: Downloading android vr player API JSON
[youtube] clSloJpr8kU: Downloading web safari player API JSON
[info] clSloJpr8kU: Downloading 1 format(s): 136+251
[info] There are no subtitles for the requested languages
[download] Downloading item 10 of 20
[youtube] Extracting URL: https://www.youtube.com/watch?v=a-CPdESR-Hs
[youtube] a-CPdESR-Hs: Downloading webpage
[youtube] a-CPdESR-Hs: Downloading android vr player API JSON
[youtube] a-CPdESR-Hs: Downloading web safari player API JSON
[youtube] [jsc:deno] Solving JS challenges using deno
[youtube] a-CPdESR-Hs: Downloading m3u8 information
[info] a-CPdESR-Hs: Downloading 1 format(s): 136+251
[info] There are no subtitles for the requested languages
[download] Downloading item 11 of 20
[youtube] Extracting URL: https://www.youtube.com/watch?v=sB4SfQmS5lU
[youtube] sB4SfQmS5lU: Downloading webpage
[youtube] sB4SfQmS5lU: Downloading android vr player API JSON
[youtube] sB4SfQmS5lU: Downloading web safari player API JSON
[info] sB4SfQmS5lU: Downloading 1 format(s): 136+251
[info] There are no subtitles for the requested languages
[download] Downloading item 12 of 20
[youtube] Extracting URL: https://www.youtube.com/watch?v=RQWCWxdPsPE
[youtube] RQWCWxdPsPE: Downloading webpage
[youtube] RQWCWxdPsPE: Downloading android vr player API JSON
[youtube] RQWCWxdPsPE: Downloading web safari player API JSON
[youtube] [jsc:deno] Solving JS challenges using deno
[youtube] RQWCWxdPsPE: Downloading m3u8 information
[info] RQWCWxdPsPE: Downloading 1 format(s): 137+251
[info] There are no subtitles for the requested languages
[download] Downloading item 13 of 20
[youtube] Extracting URL: https://www.youtube.com/watch?v=l-2FK-FADvk
[youtube] l-2FK-FADvk: Downloading webpage
[youtube] l-2FK-FADvk: Downloading android vr player API JSON
[youtube] l-2FK-FADvk: Downloading web safari player API JSON
[info] l-2FK-FADvk: Downloading 1 format(s): 18
[info] There are no subtitles for the requested languages
[download] Downloading item 14 of 20
[youtube] Extracting URL: https://www.youtube.com/watch?v=bBuZj0jj42M
[youtube] bBuZj0jj42M: Downloading webpage
[youtube] bBuZj0jj42M: Downloading android vr player API JSON
[youtube] bBuZj0jj42M: Downloading web safari player API JSON
[youtube] [jsc:deno] Solving JS challenges using deno
[youtube] bBuZj0jj42M: Downloading m3u8 information
[info] bBuZj0jj42M: Downloading 1 format(s): 136+251
[info] There are no subtitles for the requested languages
[download] Downloading item 15 of 20
[youtube] Extracting URL: https://www.youtube.com/watch?v=HeAZeduCWiQ
[youtube] HeAZeduCWiQ: Downloading webpage
[youtube] HeAZeduCWiQ: Downloading android vr player API JSON
[youtube] HeAZeduCWiQ: Downloading web safari player API JSON
[youtube] [jsc:deno] Solving JS challenges using deno
[youtube] HeAZeduCWiQ: Downloading m3u8 information
[info] HeAZeduCWiQ: Downloading 1 format(s): 301
[info] There are no subtitles for the requested languages
[download] Downloading item 16 of 20
[youtube] Extracting URL: https://www.youtube.com/watch?v=Zeo3auJ-NW8
[youtube] Zeo3auJ-NW8: Downloading webpage
[youtube] Zeo3auJ-NW8: Downloading android vr player API JSON
[youtube] Zeo3auJ-NW8: Downloading web safari player API JSON
[youtube] [jsc:deno] Solving JS challenges using deno
[youtube] Zeo3auJ-NW8: Downloading m3u8 information
[info] Zeo3auJ-NW8: Downloading 1 format(s): 301
[info] There are no subtitles for the requested languages
[download] Downloading item 17 of 20
[youtube] Extracting URL: https://www.youtube.com/watch?v=SPJ8S27zUZw
[youtube] SPJ8S27zUZw: Downloading webpage
[youtube] SPJ8S27zUZw: Downloading android vr player API JSON
[youtube] SPJ8S27zUZw: Downloading web safari player API JSON
[youtube] [jsc:deno] Solving JS challenges using deno
[youtube] SPJ8S27zUZw: Downloading m3u8 information
[info] SPJ8S27zUZw: Downloading 1 format(s): 299+251
[info] There are no subtitles for the requested languages
[download] Downloading item 18 of 20
[youtube] Extracting URL: https://www.youtube.com/watch?v=BIj1ngPHDqM
[youtube] BIj1ngPHDqM: Downloading webpage
[youtube] BIj1ngPHDqM: Downloading android vr player API JSON
[youtube] BIj1ngPHDqM: Downloading web safari player API JSON
[info] BIj1ngPHDqM: Downloading 1 format(s): 299+251
[info] There are no subtitles for the requested languages
[download] Downloading item 19 of 20
[youtube] Extracting URL: https://www.youtube.com/watch?v=6TD7UPiNKP0
[youtube] 6TD7UPiNKP0: Downloading webpage
[youtube] 6TD7UPiNKP0: Downloading android vr player API JSON
[youtube] 6TD7UPiNKP0: Downloading web safari player API JSON
[youtube] [jsc:deno] Solving JS challenges using deno
[youtube] 6TD7UPiNKP0: Downloading m3u8 information
[info] 6TD7UPiNKP0: Downloading 1 format(s): 136+251
[info] There are no subtitles for the requested languages
[download] Downloading item 20 of 20
[youtube] Extracting URL: https://www.youtube.com/watch?v=xRwJdPP07ro
[youtube] xRwJdPP07ro: Downloading webpage
[youtube] xRwJdPP07ro: Downloading android vr player API JSON
[youtube] xRwJdPP07ro: Downloading web safari player API JSON
[youtube] [jsc:deno] Solving JS challenges using deno
[youtube] xRwJdPP07ro: Downloading m3u8 information
[info] xRwJdPP07ro: Downloading 1 format(s): 18
[info] There are no subtitles for the requested languages
[download] Finished downloading playlist: Financial Services and Investment Management
[youtube:tab] Extracting URL: https://youtube.com/playlist?list=PLZ9cCmppjelMTIBtpSh4tf-Me9SsLyu9H&si=anl-3fcT9zhYX7Q8
[youtube:tab] PLZ9cCmppjelMTIBtpSh4tf-Me9SsLyu9H: Downloading webpage
WARNING: [youtube:tab] YouTube said: INFO - 3 unavailable videos are hidden
[youtube:tab] PLZ9cCmppjelMTIBtpSh4tf-Me9SsLyu9H: Redownloading playlist API JSON with unavailable videos
[download] Downloading playlist: Financial Services and Investment Management
[youtube:tab] Playlist Financial Services and Investment Management: Downloading 20 items of 94
[download] Downloading item 1 of 20
[youtube] Extracting URL: https://www.youtube.com/watch?v=QzQRWoJLD6k
[youtube] QzQRWoJLD6k: Downloading webpage
[youtube] QzQRWoJLD6k: Downloading android vr player API JSON
[youtube] QzQRWoJLD6k: Downloading web safari player API JSON
[youtube] QzQRWoJLD6k: Downloading player 4c5cf06a-tv
[youtube] [jsc:deno] Solving JS challenges using deno
[youtube] QzQRWoJLD6k: Downloading m3u8 information
[info] QzQRWoJLD6k: Downloading 1 format(s): 136+251
[info] There are no subtitles for the requested languages
[download] Downloading item 2 of 20
[youtube] Extracting URL: https://www.youtube.com/watch?v=KxZeGIa_JZc
[youtube] KxZeGIa_JZc: Downloading webpage
[youtube] KxZeGIa_JZc: Downloading android vr player API JSON
[youtube] KxZeGIa_JZc: Downloading web safari player API JSON
[youtube] [jsc:deno] Solving JS challenges using deno
[youtube] KxZeGIa_JZc: Downloading m3u8 information
[info] KxZeGIa_JZc: Downloading 1 format(s): 136+251
[info] There are no subtitles for the requested languages
[download] Downloading item 3 of 20
[youtube] Extracting URL: https://www.youtube.com/watch?v=nde1c-63vtY
[youtube] nde1c-63vtY: Downloading webpage
[youtube] nde1c-63vtY: Downloading android vr player API JSON
[youtube] nde1c-63vtY: Downloading web safari player API JSON
ERROR: [youtube] nde1c-63vtY: Private video. Sign in if you've been granted access to this video. Use --cookies-from-browser or --cookies for the authentication. See  https://github.com/yt-dlp/yt-dlp/wiki/FAQ#how-do-i-pass-cookies-to-yt-dlp  for how to manually pass cookies. Also see  https://github.com/yt-dlp/yt-dlp/wiki/Extractors#exporting-youtube-cookies  for tips on effectively exporting YouTube cookies
[download] Downloading item 4 of 20
[youtube] Extracting URL: https://www.youtube.com/watch?v=2d2vTY7XeiI
[youtube] 2d2vTY7XeiI: Downloading webpage
[youtube] 2d2vTY7XeiI: Downloading android vr player API JSON
[youtube] 2d2vTY7XeiI: Downloading web safari player API JSON
ERROR: [youtube] 2d2vTY7XeiI: Private video. Sign in if you've been granted access to this video. Use --cookies-from-browser or --cookies for the authentication. See  https://github.com/yt-dlp/yt-dlp/wiki/FAQ#how-do-i-pass-cookies-to-yt-dlp  for how to manually pass cookies. Also see  https://github.com/yt-dlp/yt-dlp/wiki/Extractors#exporting-youtube-cookies  for tips on effectively exporting YouTube cookies
[download] Downloading item 5 of 20
[youtube] Extracting URL: https://www.youtube.com/watch?v=YmSIPnI535c
[youtube] YmSIPnI535c: Downloading webpage
WARNING: [youtube] Incomplete data received in embedded initial data; re-fetching using API.
[youtube] YmSIPnI535c: Downloading initial data API JSON
[youtube] YmSIPnI535c: Downloading android vr player API JSON
[youtube] YmSIPnI535c: Downloading web safari player API JSON
ERROR: [youtube] YmSIPnI535c: Private video. Sign in if you've been granted access to this video. Use --cookies-from-browser or --cookies for the authentication. See  https://github.com/yt-dlp/yt-dlp/wiki/FAQ#how-do-i-pass-cookies-to-yt-dlp  for how to manually pass cookies. Also see  https://github.com/yt-dlp/yt-dlp/wiki/Extractors#exporting-youtube-cookies  for tips on effectively exporting YouTube cookies
[download] Downloading item 6 of 20
[youtube] Extracting URL: https://www.youtube.com/watch?v=VulQyvg5YMw
[youtube] VulQyvg5YMw: Downloading webpage
[youtube] VulQyvg5YMw: Downloading android vr player API JSON
[youtube] VulQyvg5YMw: Downloading web safari player API JSON
[youtube] [jsc:deno] Solving JS challenges using deno
[youtube] VulQyvg5YMw: Downloading m3u8 information
[info] VulQyvg5YMw: Downloading 1 format(s): 136+251
[info] There are no subtitles for the requested languages
[download] Downloading item 7 of 20
[youtube] Extracting URL: https://www.youtube.com/watch?v=no0pQRkx8Ko
[youtube] no0pQRkx8Ko: Downloading webpage
[youtube] no0pQRkx8Ko: Downloading android vr player API JSON
[youtube] no0pQRkx8Ko: Downloading web safari player API JSON
[youtube] [jsc:deno] Solving JS challenges using deno
[youtube] no0pQRkx8Ko: Downloading m3u8 information
[info] no0pQRkx8Ko: Downloading 1 format(s): 136+251
[info] There are no subtitles for the requested languages
[download] Downloading item 8 of 20
[youtube] Extracting URL: https://www.youtube.com/watch?v=wxgeq-Fzc4w
[youtube] wxgeq-Fzc4w: Downloading webpage
[youtube] wxgeq-Fzc4w: Downloading android vr player API JSON
[youtube] wxgeq-Fzc4w: Downloading web safari player API JSON
[youtube] [jsc:deno] Solving JS challenges using deno
[youtube] wxgeq-Fzc4w: Downloading m3u8 information
[info] wxgeq-Fzc4w: Downloading 1 format(s): 136+251
[info] There are no subtitles for the requested languages
[download] Downloading item 9 of 20
[youtube] Extracting URL: https://www.youtube.com/watch?v=clSloJpr8kU
[youtube] clSloJpr8kU: Downloading webpage
[youtube] clSloJpr8kU: Downloading android vr player API JSON
[youtube] clSloJpr8kU: Downloading web safari player API JSON
[youtube] [jsc:deno] Solving JS challenges using deno
[youtube] clSloJpr8kU: Downloading m3u8 information
[info] clSloJpr8kU: Downloading 1 format(s): 136+251
[info] There are no subtitles for the requested languages
[download] Downloading item 10 of 20
[youtube] Extracting URL: https://www.youtube.com/watch?v=a-CPdESR-Hs
[youtube] a-CPdESR-Hs: Downloading webpage
[youtube] a-CPdESR-Hs: Downloading android vr player API JSON
[youtube] a-CPdESR-Hs: Downloading web safari player API JSON
[youtube] [jsc:deno] Solving JS challenges using deno
[youtube] a-CPdESR-Hs: Downloading m3u8 information
[info] a-CPdESR-Hs: Downloading 1 format(s): 136+251
[info] There are no subtitles for the requested languages
[download] Downloading item 11 of 20
[youtube] Extracting URL: https://www.youtube.com/watch?v=sB4SfQmS5lU
[youtube] sB4SfQmS5lU: Downloading webpage
[youtube] sB4SfQmS5lU: Downloading android vr player API JSON
[youtube] sB4SfQmS5lU: Downloading web safari player API JSON
[youtube] [jsc:deno] Solving JS challenges using deno
[youtube] sB4SfQmS5lU: Downloading m3u8 information
[info] sB4SfQmS5lU: Downloading 1 format(s): 136+251
[info] There are no subtitles for the requested languages
[download] Downloading item 12 of 20
[youtube] Extracting URL: https://www.youtube.com/watch?v=RQWCWxdPsPE
[youtube] RQWCWxdPsPE: Downloading webpage
[youtube] RQWCWxdPsPE: Downloading android vr player API JSON
[youtube] RQWCWxdPsPE: Downloading web safari player API JSON
[youtube] [jsc:deno] Solving JS challenges using deno
[youtube] RQWCWxdPsPE: Downloading m3u8 information
[info] RQWCWxdPsPE: Downloading 1 format(s): 137+251
[info] There are no subtitles for the requested languages
[download] Downloading item 13 of 20
[youtube] Extracting URL: https://www.youtube.com/watch?v=l-2FK-FADvk
[youtube] l-2FK-FADvk: Downloading webpage
[youtube] l-2FK-FADvk: Downloading android vr player API JSON
[youtube] l-2FK-FADvk: Downloading web safari player API JSON
[youtube] [jsc:deno] Solving JS challenges using deno
[youtube] l-2FK-FADvk: Downloading m3u8 information
[info] l-2FK-FADvk: Downloading 1 format(s): 18
[info] There are no subtitles for the requested languages
[download] Downloading item 14 of 20
[youtube] Extracting URL: https://www.youtube.com/watch?v=bBuZj0jj42M
[youtube] bBuZj0jj42M: Downloading webpage
[youtube] bBuZj0jj42M: Downloading android vr player API JSON
[youtube] bBuZj0jj42M: Downloading web safari player API JSON
[youtube] [jsc:deno] Solving JS challenges using deno
[youtube] bBuZj0jj42M: Downloading m3u8 information
[info] bBuZj0jj42M: Downloading 1 format(s): 136+251
[info] There are no subtitles for the requested languages
[download] Downloading item 15 of 20
[youtube] Extracting URL: https://www.youtube.com/watch?v=HeAZeduCWiQ
[youtube] HeAZeduCWiQ: Downloading webpage
[youtube] HeAZeduCWiQ: Downloading android vr player API JSON
[youtube] HeAZeduCWiQ: Downloading web safari player API JSON
[youtube] [jsc:deno] Solving JS challenges using deno
[youtube] HeAZeduCWiQ: Downloading m3u8 information
[info] HeAZeduCWiQ: Downloading 1 format(s): 299+251
[info] There are no subtitles for the requested languages
[download] Downloading item 16 of 20
[youtube] Extracting URL: https://www.youtube.com/watch?v=Zeo3auJ-NW8
[youtube] Zeo3auJ-NW8: Downloading webpage
[youtube] Zeo3auJ-NW8: Downloading android vr player API JSON
[youtube] Zeo3auJ-NW8: Downloading web safari player API JSON
[youtube] [jsc:deno] Solving JS challenges using deno
[youtube] Zeo3auJ-NW8: Downloading m3u8 information
[info] Zeo3auJ-NW8: Downloading 1 format(s): 299+251
[info] There are no subtitles for the requested languages
[download] Downloading item 17 of 20
[youtube] Extracting URL: https://www.youtube.com/watch?v=SPJ8S27zUZw
[youtube] SPJ8S27zUZw: Downloading webpage
[youtube] SPJ8S27zUZw: Downloading android vr player API JSON
[youtube] SPJ8S27zUZw: Downloading web safari player API JSON
[youtube] [jsc:deno] Solving JS challenges using deno
[youtube] SPJ8S27zUZw: Downloading m3u8 information
[info] SPJ8S27zUZw: Downloading 1 format(s): 299+251
[info] There are no subtitles for the requested languages
[download] Downloading item 18 of 20
[youtube] Extracting URL: https://www.youtube.com/watch?v=BIj1ngPHDqM
[youtube] BIj1ngPHDqM: Downloading webpage
[youtube] BIj1ngPHDqM: Downloading android vr player API JSON
[youtube] BIj1ngPHDqM: Downloading web safari player API JSON
[youtube] [jsc:deno] Solving JS challenges using deno
[youtube] BIj1ngPHDqM: Downloading m3u8 information
[info] BIj1ngPHDqM: Downloading 1 format(s): 299+251
[info] There are no subtitles for the requested languages
[download] Downloading item 19 of 20
[youtube] Extracting URL: https://www.youtube.com/watch?v=6TD7UPiNKP0
[youtube] 6TD7UPiNKP0: Downloading webpage
[youtube] 6TD7UPiNKP0: Downloading android vr player API JSON
[youtube] 6TD7UPiNKP0: Downloading web safari player API JSON
[youtube] [jsc:deno] Solving JS challenges using deno
[youtube] 6TD7UPiNKP0: Downloading m3u8 information
[info] 6TD7UPiNKP0: Downloading 1 format(s): 136+251
[info] There are no subtitles for the requested languages
[download] Downloading item 20 of 20
[youtube] Extracting URL: https://www.youtube.com/watch?v=xRwJdPP07ro
[youtube] xRwJdPP07ro: Downloading webpage
[youtube] xRwJdPP07ro: Downloading android vr player API JSON
[youtube] xRwJdPP07ro: Downloading web safari player API JSON
[youtube] [jsc:deno] Solving JS challenges using deno
[youtube] xRwJdPP07ro: Downloading m3u8 information
[info] xRwJdPP07ro: Downloading 1 format(s): 18
[info] There are no subtitles for the requested languages
[download] Finished downloading playlist: Financial Services and Investment Management
[youtube:tab] Extracting URL: https://youtube.com/playlist?list=PLZ9cCmppjelMTIBtpSh4tf-Me9SsLyu9H&si=anl-3fcT9zhYX7Q8
[youtube:tab] PLZ9cCmppjelMTIBtpSh4tf-Me9SsLyu9H: Downloading webpage
WARNING: [youtube:tab] YouTube said: INFO - 3 unavailable videos are hidden
[youtube:tab] PLZ9cCmppjelMTIBtpSh4tf-Me9SsLyu9H: Redownloading playlist API JSON with unavailable videos
[download] Downloading playlist: Financial Services and Investment Management
[youtube:tab] Playlist Financial Services and Investment Management: Downloading 20 items of 94
[download] Downloading item 1 of 20
[youtube] Extracting URL: https://www.youtube.com/watch?v=2rZHPqkwcw8
[youtube] 2rZHPqkwcw8: Downloading webpage
[youtube] 2rZHPqkwcw8: Downloading android vr player API JSON
[youtube] 2rZHPqkwcw8: Downloading web safari player API JSON
[youtube] 2rZHPqkwcw8: Downloading player 4c5cf06a-tv
[youtube] [jsc:deno] Solving JS challenges using deno
[youtube] 2rZHPqkwcw8: Downloading m3u8 information
[info] 2rZHPqkwcw8: Downloading 1 format(s): 136+251
[info] There are no subtitles for the requested languages
[download] Downloading item 2 of 20
[youtube] Extracting URL: https://www.youtube.com/watch?v=UR_rEJMcPcU
[youtube] UR_rEJMcPcU: Downloading webpage
[youtube] UR_rEJMcPcU: Downloading android vr player API JSON
[youtube] UR_rEJMcPcU: Downloading web safari player API JSON
[youtube] [jsc:deno] Solving JS challenges using deno
[youtube] UR_rEJMcPcU: Downloading m3u8 information
[info] UR_rEJMcPcU: Downloading 1 format(s): 136+251
[info] There are no subtitles for the requested languages
[download] Downloading item 3 of 20
[youtube] Extracting URL: https://www.youtube.com/watch?v=JrtR4O_dn8I
[youtube] JrtR4O_dn8I: Downloading webpage
[youtube] JrtR4O_dn8I: Downloading android vr player API JSON
[youtube] JrtR4O_dn8I: Downloading web safari player API JSON
[youtube] [jsc:deno] Solving JS challenges using deno
[youtube] JrtR4O_dn8I: Downloading m3u8 information
[info] JrtR4O_dn8I: Downloading 1 format(s): 136+251
[info] There are no subtitles for the requested languages
[download] Downloading item 4 of 20
[youtube] Extracting URL: https://www.youtube.com/watch?v=Ircvq8ss0Ww
[youtube] Ircvq8ss0Ww: Downloading webpage
[youtube] Ircvq8ss0Ww: Downloading android vr player API JSON
[youtube] Ircvq8ss0Ww: Downloading web safari player API JSON
[youtube] [jsc:deno] Solving JS challenges using deno
[youtube] Ircvq8ss0Ww: Downloading m3u8 information
[info] Ircvq8ss0Ww: Downloading 1 format(s): 137+251
[info] There are no subtitles for the requested languages
[download] Downloading item 5 of 20
[youtube] Extracting URL: https://www.youtube.com/watch?v=lp2lNiMzsko
[youtube] lp2lNiMzsko: Downloading webpage
[youtube] lp2lNiMzsko: Downloading android vr player API JSON
[youtube] lp2lNiMzsko: Downloading web safari player API JSON
[youtube] [jsc:deno] Solving JS challenges using deno
[youtube] lp2lNiMzsko: Downloading m3u8 information
[info] lp2lNiMzsko: Downloading 1 format(s): 136+251
[info] There are no subtitles for the requested languages
[download] Downloading item 6 of 20
[youtube] Extracting URL: https://www.youtube.com/watch?v=K080laKW0RE
[youtube] K080laKW0RE: Downloading webpage
[youtube] K080laKW0RE: Downloading android vr player API JSON
[youtube] K080laKW0RE: Downloading web safari player API JSON
[youtube] [jsc:deno] Solving JS challenges using deno
[youtube] K080laKW0RE: Downloading m3u8 information
[info] K080laKW0RE: Downloading 1 format(s): 136+251
[info] There are no subtitles for the requested languages
[download] Downloading item 7 of 20
[youtube] Extracting URL: https://www.youtube.com/watch?v=jNIrydjmpRE
[youtube] jNIrydjmpRE: Downloading webpage
[youtube] jNIrydjmpRE: Downloading android vr player API JSON
[youtube] jNIrydjmpRE: Downloading web safari player API JSON
[youtube] [jsc:deno] Solving JS challenges using deno
[youtube] jNIrydjmpRE: Downloading m3u8 information
[info] jNIrydjmpRE: Downloading 1 format(s): 136+251
[info] There are no subtitles for the requested languages
[download] Downloading item 8 of 20
[youtube] Extracting URL: https://www.youtube.com/watch?v=YS5oBbvEwNY
[youtube] YS5oBbvEwNY: Downloading webpage
[youtube] YS5oBbvEwNY: Downloading android vr player API JSON
[youtube] YS5oBbvEwNY: Downloading web safari player API JSON
[youtube] [jsc:deno] Solving JS challenges using deno
[youtube] YS5oBbvEwNY: Downloading m3u8 information
[info] YS5oBbvEwNY: Downloading 1 format(s): 136+251
[info] There are no subtitles for the requested languages
[download] Downloading item 9 of 20
[youtube] Extracting URL: https://www.youtube.com/watch?v=tv_oVK7pLxA
[youtube] tv_oVK7pLxA: Downloading webpage
[youtube] tv_oVK7pLxA: Downloading android vr player API JSON
[youtube] tv_oVK7pLxA: Downloading web safari player API JSON
[youtube] [jsc:deno] Solving JS challenges using deno
[youtube] tv_oVK7pLxA: Downloading m3u8 information
[info] tv_oVK7pLxA: Downloading 1 format(s): 136+251
[info] There are no subtitles for the requested languages
[download] Downloading item 10 of 20
[youtube] Extracting URL: https://www.youtube.com/watch?v=RD0t-1JTPVA
[youtube] RD0t-1JTPVA: Downloading webpage
[youtube] RD0t-1JTPVA: Downloading android vr player API JSON
[youtube] RD0t-1JTPVA: Downloading web safari player API JSON
[youtube] [jsc:deno] Solving JS challenges using deno
[youtube] RD0t-1JTPVA: Downloading m3u8 information
[info] RD0t-1JTPVA: Downloading 1 format(s): 136+251
[info] There are no subtitles for the requested languages
[download] Downloading item 11 of 20
[youtube] Extracting URL: https://www.youtube.com/watch?v=CcN1PehbdmY
[youtube] CcN1PehbdmY: Downloading webpage
[youtube] CcN1PehbdmY: Downloading android vr player API JSON
[youtube] CcN1PehbdmY: Downloading web safari player API JSON
[youtube] [jsc:deno] Solving JS challenges using deno
[youtube] CcN1PehbdmY: Downloading m3u8 information
[info] CcN1PehbdmY: Downloading 1 format(s): 136+251
[info] There are no subtitles for the requested languages
[download] Downloading item 12 of 20
[youtube] Extracting URL: https://www.youtube.com/watch?v=zsOEJ2OJ65Q
[youtube] zsOEJ2OJ65Q: Downloading webpage
[youtube] zsOEJ2OJ65Q: Downloading android vr player API JSON
[youtube] zsOEJ2OJ65Q: Downloading web safari player API JSON
[youtube] [jsc:deno] Solving JS challenges using deno
[youtube] zsOEJ2OJ65Q: Downloading m3u8 information
[info] zsOEJ2OJ65Q: Downloading 1 format(s): 136+251
[info] There are no subtitles for the requested languages
[download] Downloading item 13 of 20
[youtube] Extracting URL: https://www.youtube.com/watch?v=xg4wIQnJCos
[youtube] xg4wIQnJCos: Downloading webpage
[youtube] xg4wIQnJCos: Downloading android vr player API JSON
[youtube] xg4wIQnJCos: Downloading web safari player API JSON
[youtube] [jsc:deno] Solving JS challenges using deno
[youtube] xg4wIQnJCos: Downloading m3u8 information
[info] xg4wIQnJCos: Downloading 1 format(s): 136+251
[info] There are no subtitles for the requested languages
[download] Downloading item 14 of 20
[youtube] Extracting URL: https://www.youtube.com/watch?v=OBw8veV27aE
[youtube] OBw8veV27aE: Downloading webpage
[youtube] OBw8veV27aE: Downloading android vr player API JSON
[youtube] OBw8veV27aE: Downloading web safari player API JSON
[youtube] [jsc:deno] Solving JS challenges using deno
[youtube] OBw8veV27aE: Downloading m3u8 information
[info] OBw8veV27aE: Downloading 1 format(s): 401+251
[info] There are no subtitles for the requested languages
[download] Downloading item 15 of 20
[youtube] Extracting URL: https://www.youtube.com/watch?v=kpMvodHfLiE
[youtube] kpMvodHfLiE: Downloading webpage
[youtube] kpMvodHfLiE: Downloading android vr player API JSON
[youtube] kpMvodHfLiE: Downloading web safari player API JSON
[youtube] [jsc:deno] Solving JS challenges using deno
[youtube] kpMvodHfLiE: Downloading m3u8 information
[info] kpMvodHfLiE: Downloading 1 format(s): 136+251
[info] There are no subtitles for the requested languages
[download] Downloading item 16 of 20
[youtube] Extracting URL: https://www.youtube.com/watch?v=ryKWGYUmkA8
[youtube] ryKWGYUmkA8: Downloading webpage
[youtube] ryKWGYUmkA8: Downloading android vr player API JSON
[youtube] ryKWGYUmkA8: Downloading web safari player API JSON
[youtube] [jsc:deno] Solving JS challenges using deno
[youtube] ryKWGYUmkA8: Downloading m3u8 information
[info] ryKWGYUmkA8: Downloading 1 format(s): 136+251
[info] There are no subtitles for the requested languages
[download] Downloading item 17 of 20
[youtube] Extracting URL: https://www.youtube.com/watch?v=x9AimX7RWaE
[youtube] x9AimX7RWaE: Downloading webpage
[youtube] x9AimX7RWaE: Downloading android vr player API JSON
[youtube] x9AimX7RWaE: Downloading web safari player API JSON
[youtube] [jsc:deno] Solving JS challenges using deno
[youtube] x9AimX7RWaE: Downloading m3u8 information
[info] x9AimX7RWaE: Downloading 1 format(s): 136+251
[info] There are no subtitles for the requested languages
[download] Downloading item 18 of 20
[youtube] Extracting URL: https://www.youtube.com/watch?v=N6rGEGtCjrs
[youtube] N6rGEGtCjrs: Downloading webpage
[youtube] N6rGEGtCjrs: Downloading android vr player API JSON
[youtube] N6rGEGtCjrs: Downloading web safari player API JSON
[youtube] [jsc:deno] Solving JS challenges using deno
[youtube] N6rGEGtCjrs: Downloading m3u8 information
[info] N6rGEGtCjrs: Downloading 1 format(s): 137+251
[info] There are no subtitles for the requested languages
[download] Downloading item 19 of 20
[youtube] Extracting URL: https://www.youtube.com/watch?v=PQ6-2aGB8hY
[youtube] PQ6-2aGB8hY: Downloading webpage
[youtube] PQ6-2aGB8hY: Downloading android vr player API JSON
[youtube] PQ6-2aGB8hY: Downloading web safari player API JSON
[youtube] [jsc:deno] Solving JS challenges using deno
[youtube] PQ6-2aGB8hY: Downloading m3u8 information
[info] PQ6-2aGB8hY: Downloading 1 format(s): 136+251
[info] There are no subtitles for the requested languages
[download] Downloading item 20 of 20
[youtube] Extracting URL: https://www.youtube.com/watch?v=icEoYp_kLXE
[youtube] icEoYp_kLXE: Downloading webpage
[youtube] icEoYp_kLXE: Downloading android vr player API JSON
[youtube] icEoYp_kLXE: Downloading web safari player API JSON
[youtube] [jsc:deno] Solving JS challenges using deno
[youtube] icEoYp_kLXE: Downloading m3u8 information
[info] icEoYp_kLXE: Downloading 1 format(s): 136+251
[info] There are no subtitles for the requested languages
[download] Finished downloading playlist: Financial Services and Investment Management
[youtube:tab] Extracting URL: https://youtube.com/playlist?list=PLZ9cCmppjelMTIBtpSh4tf-Me9SsLyu9H&si=anl-3fcT9zhYX7Q8
[youtube:tab] PLZ9cCmppjelMTIBtpSh4tf-Me9SsLyu9H: Downloading webpage
WARNING: [youtube:tab] YouTube said: INFO - 3 unavailable videos are hidden
[youtube:tab] PLZ9cCmppjelMTIBtpSh4tf-Me9SsLyu9H: Redownloading playlist API JSON with unavailable videos
[download] Downloading playlist: Financial Services and Investment Management
[youtube:tab] Playlist Financial Services and Investment Management: Downloading 20 items of 94
[download] Downloading item 1 of 20
[youtube] Extracting URL: https://www.youtube.com/watch?v=F_9ae1BkfjY
[youtube] F_9ae1BkfjY: Downloading webpage
[youtube] F_9ae1BkfjY: Downloading android vr player API JSON
[youtube] F_9ae1BkfjY: Downloading web safari player API JSON
[youtube] F_9ae1BkfjY: Downloading player 4c5cf06a-tv
[youtube] [jsc:deno] Solving JS challenges using deno
[youtube] F_9ae1BkfjY: Downloading m3u8 information
[info] F_9ae1BkfjY: Downloading 1 format(s): 136+251
[info] There are no subtitles for the requested languages
[download] Downloading item 2 of 20
[youtube] Extracting URL: https://www.youtube.com/watch?v=JeWSku8BkXA
[youtube] JeWSku8BkXA: Downloading webpage
[youtube] JeWSku8BkXA: Downloading android vr player API JSON
[youtube] JeWSku8BkXA: Downloading web safari player API JSON
[youtube] [jsc:deno] Solving JS challenges using deno
[youtube] JeWSku8BkXA: Downloading m3u8 information
[info] JeWSku8BkXA: Downloading 1 format(s): 137+251
[info] There are no subtitles for the requested languages
[download] Downloading item 3 of 20
[youtube] Extracting URL: https://www.youtube.com/watch?v=JGkg7TbfiZg
[youtube] JGkg7TbfiZg: Downloading webpage
[youtube] JGkg7TbfiZg: Downloading android vr player API JSON
[youtube] JGkg7TbfiZg: Downloading web safari player API JSON
[youtube] [jsc:deno] Solving JS challenges using deno
[youtube] JGkg7TbfiZg: Downloading m3u8 information
[info] JGkg7TbfiZg: Downloading 1 format(s): 137+251
[info] There are no subtitles for the requested languages
[download] Downloading item 4 of 20
[youtube] Extracting URL: https://www.youtube.com/watch?v=YjzBgBZyN1M
[youtube] YjzBgBZyN1M: Downloading webpage
[youtube] YjzBgBZyN1M: Downloading android vr player API JSON
[youtube] YjzBgBZyN1M: Downloading web safari player API JSON
[youtube] [jsc:deno] Solving JS challenges using deno
[youtube] YjzBgBZyN1M: Downloading m3u8 information
[info] YjzBgBZyN1M: Downloading 1 format(s): 136+251
[info] There are no subtitles for the requested languages
[download] Downloading item 5 of 20
[youtube] Extracting URL: https://www.youtube.com/watch?v=8FpYkcKzL68
[youtube] 8FpYkcKzL68: Downloading webpage
[youtube] 8FpYkcKzL68: Downloading android vr player API JSON
[youtube] 8FpYkcKzL68: Downloading web safari player API JSON
[youtube] [jsc:deno] Solving JS challenges using deno
[youtube] 8FpYkcKzL68: Downloading m3u8 information
[info] 8FpYkcKzL68: Downloading 1 format(s): 136+251
[info] There are no subtitles for the requested languages
[download] Downloading item 6 of 20
[youtube] Extracting URL: https://www.youtube.com/watch?v=xOzdYGyAVvY
[youtube] xOzdYGyAVvY: Downloading webpage
[youtube] xOzdYGyAVvY: Downloading android vr player API JSON
[youtube] xOzdYGyAVvY: Downloading web safari player API JSON
[youtube] [jsc:deno] Solving JS challenges using deno
[youtube] xOzdYGyAVvY: Downloading m3u8 information
[info] xOzdYGyAVvY: Downloading 1 format(s): 136+251
[info] There are no subtitles for the requested languages
[download] Downloading item 7 of 20
[youtube] Extracting URL: https://www.youtube.com/watch?v=V4Wqf2G9JbE
[youtube] V4Wqf2G9JbE: Downloading webpage
[youtube] V4Wqf2G9JbE: Downloading android vr player API JSON
[youtube] V4Wqf2G9JbE: Downloading web safari player API JSON
[youtube] [jsc:deno] Solving JS challenges using deno
[youtube] V4Wqf2G9JbE: Downloading m3u8 information
[info] V4Wqf2G9JbE: Downloading 1 format(s): 137+251
[info] There are no subtitles for the requested languages
[download] Downloading item 8 of 20
[youtube] Extracting URL: https://www.youtube.com/watch?v=bIJNx8ofjsQ
[youtube] bIJNx8ofjsQ: Downloading webpage
[youtube] bIJNx8ofjsQ: Downloading android vr player API JSON
[youtube] bIJNx8ofjsQ: Downloading web safari player API JSON
[youtube] [jsc:deno] Solving JS challenges using deno
[youtube] bIJNx8ofjsQ: Downloading m3u8 information
[info] bIJNx8ofjsQ: Downloading 1 format(s): 136+251
[info] There are no subtitles for the requested languages
[download] Downloading item 9 of 20
[youtube] Extracting URL: https://www.youtube.com/watch?v=0sPCM2EOuqU
[youtube] 0sPCM2EOuqU: Downloading webpage
[youtube] 0sPCM2EOuqU: Downloading android vr player API JSON
[youtube] 0sPCM2EOuqU: Downloading web safari player API JSON
[youtube] [jsc:deno] Solving JS challenges using deno
[youtube] 0sPCM2EOuqU: Downloading m3u8 information
[info] 0sPCM2EOuqU: Downloading 1 format(s): 136+251
[info] There are no subtitles for the requested languages
[download] Downloading item 10 of 20
[youtube] Extracting URL: https://www.youtube.com/watch?v=3oapJOvhpTI
[youtube] 3oapJOvhpTI: Downloading webpage
[youtube] 3oapJOvhpTI: Downloading android vr player API JSON
[youtube] 3oapJOvhpTI: Downloading web safari player API JSON
[youtube] [jsc:deno] Solving JS challenges using deno
[youtube] 3oapJOvhpTI: Downloading m3u8 information
[info] 3oapJOvhpTI: Downloading 1 format(s): 136+251
[info] There are no subtitles for the requested languages
[download] Downloading item 11 of 20
[youtube] Extracting URL: https://www.youtube.com/watch?v=01ZwDVHSihM
[youtube] 01ZwDVHSihM: Downloading webpage
[youtube] 01ZwDVHSihM: Downloading android vr player API JSON
[youtube] 01ZwDVHSihM: Downloading web safari player API JSON
[youtube] [jsc:deno] Solving JS challenges using deno
[youtube] 01ZwDVHSihM: Downloading m3u8 information
[info] 01ZwDVHSihM: Downloading 1 format(s): 137+251
[info] There are no subtitles for the requested languages
[download] Downloading item 12 of 20
[youtube] Extracting URL: https://www.youtube.com/watch?v=QGuo94tO36g
[youtube] QGuo94tO36g: Downloading webpage
[youtube] QGuo94tO36g: Downloading android vr player API JSON
[youtube] QGuo94tO36g: Downloading web safari player API JSON
[youtube] [jsc:deno] Solving JS challenges using deno
[youtube] QGuo94tO36g: Downloading m3u8 information
[info] QGuo94tO36g: Downloading 1 format(s): 136+251
[info] There are no subtitles for the requested languages
[download] Downloading item 13 of 20
[youtube] Extracting URL: https://www.youtube.com/watch?v=2puz4-nojIs
[youtube] 2puz4-nojIs: Downloading webpage
[youtube] 2puz4-nojIs: Downloading android vr player API JSON
[youtube] 2puz4-nojIs: Downloading web safari player API JSON
[youtube] [jsc:deno] Solving JS challenges using deno
[youtube] 2puz4-nojIs: Downloading m3u8 information
[info] 2puz4-nojIs: Downloading 1 format(s): 137+251
[info] There are no subtitles for the requested languages
[download] Downloading item 14 of 20
[youtube] Extracting URL: https://www.youtube.com/watch?v=xqxh-JgS1Hc
[youtube] xqxh-JgS1Hc: Downloading webpage
[youtube] xqxh-JgS1Hc: Downloading android vr player API JSON
[youtube] xqxh-JgS1Hc: Downloading web safari player API JSON
[youtube] [jsc:deno] Solving JS challenges using deno
[youtube] xqxh-JgS1Hc: Downloading m3u8 information
[info] xqxh-JgS1Hc: Downloading 1 format(s): 137+251
[info] There are no subtitles for the requested languages
[download] Downloading item 15 of 20
[youtube] Extracting URL: https://www.youtube.com/watch?v=UOemk-xMgh8
[youtube] UOemk-xMgh8: Downloading webpage
[youtube] UOemk-xMgh8: Downloading android vr player API JSON
[youtube] UOemk-xMgh8: Downloading web safari player API JSON
[youtube] [jsc:deno] Solving JS challenges using deno
[youtube] UOemk-xMgh8: Downloading m3u8 information
[info] UOemk-xMgh8: Downloading 1 format(s): 136+251
[info] There are no subtitles for the requested languages
[download] Downloading item 16 of 20
[youtube] Extracting URL: https://www.youtube.com/watch?v=qNDPcBsZeRI
[youtube] qNDPcBsZeRI: Downloading webpage
[youtube] qNDPcBsZeRI: Downloading android vr player API JSON
[youtube] qNDPcBsZeRI: Downloading web safari player API JSON
[youtube] [jsc:deno] Solving JS challenges using deno
[youtube] qNDPcBsZeRI: Downloading m3u8 information
[info] qNDPcBsZeRI: Downloading 1 format(s): 136+251
[info] There are no subtitles for the requested languages
[download] Downloading item 17 of 20
[youtube] Extracting URL: https://www.youtube.com/watch?v=4s6W6V0vlgU
[youtube] 4s6W6V0vlgU: Downloading webpage
[youtube] 4s6W6V0vlgU: Downloading android vr player API JSON
[youtube] 4s6W6V0vlgU: Downloading web safari player API JSON
[youtube] [jsc:deno] Solving JS challenges using deno
[youtube] 4s6W6V0vlgU: Downloading m3u8 information
[info] 4s6W6V0vlgU: Downloading 1 format(s): 136+251
[info] There are no subtitles for the requested languages
[download] Downloading item 18 of 20
[youtube] Extracting URL: https://www.youtube.com/watch?v=CMD1GwqtKq8
[youtube] CMD1GwqtKq8: Downloading webpage
[youtube] CMD1GwqtKq8: Downloading android vr player API JSON
[youtube] CMD1GwqtKq8: Downloading web safari player API JSON
[youtube] [jsc:deno] Solving JS challenges using deno
[youtube] CMD1GwqtKq8: Downloading m3u8 information
[info] CMD1GwqtKq8: Downloading 1 format(s): 137+251
[info] There are no subtitles for the requested languages
[download] Downloading item 19 of 20
[youtube] Extracting URL: https://www.youtube.com/watch?v=stzWr2VWAxo
[youtube] stzWr2VWAxo: Downloading webpage
[youtube] stzWr2VWAxo: Downloading android vr player API JSON
[youtube] stzWr2VWAxo: Downloading web safari player API JSON
[youtube] [jsc:deno] Solving JS challenges using deno
[youtube] stzWr2VWAxo: Downloading m3u8 information
[info] stzWr2VWAxo: Downloading 1 format(s): 137+251
[info] There are no subtitles for the requested languages
[download] Downloading item 20 of 20
[youtube] Extracting URL: https://www.youtube.com/watch?v=KH_3kNlACXU
[youtube] KH_3kNlACXU: Downloading webpage
[youtube] KH_3kNlACXU: Downloading android vr player API JSON
[youtube] KH_3kNlACXU: Downloading web safari player API JSON
[youtube] [jsc:deno] Solving JS challenges using deno
[youtube] KH_3kNlACXU: Downloading m3u8 information
[info] KH_3kNlACXU: Downloading 1 format(s): 137+251
[info] There are no subtitles for the requested languages
[download] Finished downloading playlist: Financial Services and Investment Management
[youtube:tab] Extracting URL: https://youtube.com/playlist?list=PLZ9cCmppjelMTIBtpSh4tf-Me9SsLyu9H&si=anl-3fcT9zhYX7Q8
[youtube:tab] PLZ9cCmppjelMTIBtpSh4tf-Me9SsLyu9H: Downloading webpage
WARNING: [youtube:tab] YouTube said: INFO - 3 unavailable videos are hidden
[youtube:tab] PLZ9cCmppjelMTIBtpSh4tf-Me9SsLyu9H: Redownloading playlist API JSON with unavailable videos
[download] Downloading playlist: Financial Services and Investment Management
[youtube:tab] Playlist Financial Services and Investment Management: Downloading 20 items of 94
[download] Downloading item 1 of 20
[youtube] Extracting URL: https://www.youtube.com/watch?v=mjX5E7ODI4I
[youtube] mjX5E7ODI4I: Downloading webpage
[youtube] mjX5E7ODI4I: Downloading android vr player API JSON
[youtube] mjX5E7ODI4I: Downloading web safari player API JSON
[youtube] mjX5E7ODI4I: Downloading player 4c5cf06a-tv
[youtube] [jsc:deno] Solving JS challenges using deno
[youtube] mjX5E7ODI4I: Downloading m3u8 information
[info] mjX5E7ODI4I: Downloading 1 format(s): 137+251
[info] There are no subtitles for the requested languages
[download] Downloading item 2 of 20
[youtube] Extracting URL: https://www.youtube.com/watch?v=wFOgSmS3cQE
[youtube] wFOgSmS3cQE: Downloading webpage
[youtube] wFOgSmS3cQE: Downloading android vr player API JSON
[youtube] wFOgSmS3cQE: Downloading web safari player API JSON
[youtube] [jsc:deno] Solving JS challenges using deno
[youtube] wFOgSmS3cQE: Downloading m3u8 information
[info] wFOgSmS3cQE: Downloading 1 format(s): 137+251
[info] There are no subtitles for the requested languages
[download] Downloading item 3 of 20
[youtube] Extracting URL: https://www.youtube.com/watch?v=mnvIfSd4bt8
[youtube] mnvIfSd4bt8: Downloading webpage
[youtube] mnvIfSd4bt8: Downloading android vr player API JSON
[youtube] mnvIfSd4bt8: Downloading web safari player API JSON
[youtube] [jsc:deno] Solving JS challenges using deno
[youtube] mnvIfSd4bt8: Downloading m3u8 information
[info] mnvIfSd4bt8: Downloading 1 format(s): 137+251
[info] There are no subtitles for the requested languages
[download] Downloading item 4 of 20
[youtube] Extracting URL: https://www.youtube.com/watch?v=xSsAk7EuEvE
[youtube] xSsAk7EuEvE: Downloading webpage
[youtube] xSsAk7EuEvE: Downloading android vr player API JSON
[youtube] xSsAk7EuEvE: Downloading web safari player API JSON
[youtube] [jsc:deno] Solving JS challenges using deno
[youtube] xSsAk7EuEvE: Downloading m3u8 information
[info] xSsAk7EuEvE: Downloading 1 format(s): 136+251
[info] There are no subtitles for the requested languages
[download] Downloading item 5 of 20
[youtube] Extracting URL: https://www.youtube.com/watch?v=bsEEeGxDOis
[youtube] bsEEeGxDOis: Downloading webpage
[youtube] bsEEeGxDOis: Downloading android vr player API JSON
[youtube] bsEEeGxDOis: Downloading web safari player API JSON
[youtube] [jsc:deno] Solving JS challenges using deno
[youtube] bsEEeGxDOis: Downloading m3u8 information
[info] bsEEeGxDOis: Downloading 1 format(s): 136+251
[info] There are no subtitles for the requested languages
[download] Downloading item 6 of 20
[youtube] Extracting URL: https://www.youtube.com/watch?v=V8Wn7dsPB68
[youtube] V8Wn7dsPB68: Downloading webpage
[youtube] V8Wn7dsPB68: Downloading android vr player API JSON
[youtube] V8Wn7dsPB68: Downloading web safari player API JSON
[youtube] [jsc:deno] Solving JS challenges using deno
[youtube] V8Wn7dsPB68: Downloading m3u8 information
[info] V8Wn7dsPB68: Downloading 1 format(s): 136+251
[info] There are no subtitles for the requested languages
[download] Downloading item 7 of 20
[youtube] Extracting URL: https://www.youtube.com/watch?v=nBd-oi4WztE
[youtube] nBd-oi4WztE: Downloading webpage
[youtube] nBd-oi4WztE: Downloading android vr player API JSON
[youtube] nBd-oi4WztE: Downloading web safari player API JSON
[youtube] [jsc:deno] Solving JS challenges using deno
[youtube] nBd-oi4WztE: Downloading m3u8 information
[info] nBd-oi4WztE: Downloading 1 format(s): 136+251
[info] There are no subtitles for the requested languages
[download] Downloading item 8 of 20
[youtube] Extracting URL: https://www.youtube.com/watch?v=ujxYQmaPEqI
[youtube] ujxYQmaPEqI: Downloading webpage
[youtube] ujxYQmaPEqI: Downloading android vr player API JSON
[youtube] ujxYQmaPEqI: Downloading web safari player API JSON
[youtube] [jsc:deno] Solving JS challenges using deno
[youtube] ujxYQmaPEqI: Downloading m3u8 information
[info] ujxYQmaPEqI: Downloading 1 format(s): 136+251
[info] There are no subtitles for the requested languages
[download] Downloading item 9 of 20
[youtube] Extracting URL: https://www.youtube.com/watch?v=FW35qERJ2K0
[youtube] FW35qERJ2K0: Downloading webpage
[youtube] FW35qERJ2K0: Downloading android vr player API JSON
[youtube] FW35qERJ2K0: Downloading web safari player API JSON
[youtube] [jsc:deno] Solving JS challenges using deno
[youtube] FW35qERJ2K0: Downloading m3u8 information
[info] FW35qERJ2K0: Downloading 1 format(s): 137+251
[info] There are no subtitles for the requested languages
[download] Downloading item 10 of 20
[youtube] Extracting URL: https://www.youtube.com/watch?v=XfrObQT1H-Y
[youtube] XfrObQT1H-Y: Downloading webpage
[youtube] XfrObQT1H-Y: Downloading android vr player API JSON
[youtube] XfrObQT1H-Y: Downloading web safari player API JSON
[youtube] [jsc:deno] Solving JS challenges using deno
[youtube] XfrObQT1H-Y: Downloading m3u8 information
[info] XfrObQT1H-Y: Downloading 1 format(s): 136+251
[info] There are no subtitles for the requested languages
[download] Downloading item 11 of 20
[youtube] Extracting URL: https://www.youtube.com/watch?v=-14rxm-gPnA
[youtube] -14rxm-gPnA: Downloading webpage
[youtube] -14rxm-gPnA: Downloading android vr player API JSON
[youtube] -14rxm-gPnA: Downloading web safari player API JSON
[youtube] [jsc:deno] Solving JS challenges using deno
[youtube] -14rxm-gPnA: Downloading m3u8 information
[info] -14rxm-gPnA: Downloading 1 format(s): 136+251
[info] There are no subtitles for the requested languages
[download] Downloading item 12 of 20
[youtube] Extracting URL: https://www.youtube.com/watch?v=Rc1odpWy78Q
[youtube] Rc1odpWy78Q: Downloading webpage
[youtube] Rc1odpWy78Q: Downloading android vr player API JSON
[youtube] Rc1odpWy78Q: Downloading web safari player API JSON
[youtube] [jsc:deno] Solving JS challenges using deno
[youtube] Rc1odpWy78Q: Downloading m3u8 information
[info] Rc1odpWy78Q: Downloading 1 format(s): 136+251
[info] There are no subtitles for the requested languages
[download] Downloading item 13 of 20
[youtube] Extracting URL: https://www.youtube.com/watch?v=HxOTJcUmYcA
[youtube] HxOTJcUmYcA: Downloading webpage
[youtube] HxOTJcUmYcA: Downloading android vr player API JSON
[youtube] HxOTJcUmYcA: Downloading web safari player API JSON
[youtube] [jsc:deno] Solving JS challenges using deno
[youtube] HxOTJcUmYcA: Downloading m3u8 information
[info] HxOTJcUmYcA: Downloading 1 format(s): 313+251
[info] There are no subtitles for the requested languages
[download] Downloading item 14 of 20
[youtube] Extracting URL: https://www.youtube.com/watch?v=PnS1zN_RM8U
[youtube] PnS1zN_RM8U: Downloading webpage
[youtube] PnS1zN_RM8U: Downloading android vr player API JSON
[youtube] PnS1zN_RM8U: Downloading web safari player API JSON
[youtube] [jsc:deno] Solving JS challenges using deno
[youtube] PnS1zN_RM8U: Downloading m3u8 information
[info] PnS1zN_RM8U: Downloading 1 format(s): 136+251
[info] There are no subtitles for the requested languages
[download] Downloading item 15 of 20
[youtube] Extracting URL: https://www.youtube.com/watch?v=3FRFdkmaMD0
[youtube] 3FRFdkmaMD0: Downloading webpage
[youtube] 3FRFdkmaMD0: Downloading android vr player API JSON
[youtube] 3FRFdkmaMD0: Downloading web safari player API JSON
[youtube] [jsc:deno] Solving JS challenges using deno
[youtube] 3FRFdkmaMD0: Downloading m3u8 information
[info] 3FRFdkmaMD0: Downloading 1 format(s): 136+251
[info] There are no subtitles for the requested languages
[download] Downloading item 16 of 20
[youtube] Extracting URL: https://www.youtube.com/watch?v=WN3zb024jA0
[youtube] WN3zb024jA0: Downloading webpage
[youtube] WN3zb024jA0: Downloading android vr player API JSON
[youtube] WN3zb024jA0: Downloading web safari player API JSON
[youtube] [jsc:deno] Solving JS challenges using deno
[youtube] WN3zb024jA0: Downloading m3u8 information
[info] WN3zb024jA0: Downloading 1 format(s): 136+251
[info] There are no subtitles for the requested languages
[download] Downloading item 17 of 20
[youtube] Extracting URL: https://www.youtube.com/watch?v=YMN-vIW8mSo
[youtube] YMN-vIW8mSo: Downloading webpage
[youtube] YMN-vIW8mSo: Downloading android vr player API JSON
[youtube] YMN-vIW8mSo: Downloading web safari player API JSON
[youtube] [jsc:deno] Solving JS challenges using deno
[youtube] YMN-vIW8mSo: Downloading m3u8 information
[info] YMN-vIW8mSo: Downloading 1 format(s): 136+251
[info] There are no subtitles for the requested languages
[download] Downloading item 18 of 20
[youtube] Extracting URL: https://www.youtube.com/watch?v=FukrvgLwvNs
[youtube] FukrvgLwvNs: Downloading webpage
[youtube] FukrvgLwvNs: Downloading android vr player API JSON
[youtube] FukrvgLwvNs: Downloading web safari player API JSON
[youtube] [jsc:deno] Solving JS challenges using deno
[youtube] FukrvgLwvNs: Downloading m3u8 information
[info] FukrvgLwvNs: Downloading 1 format(s): 136+251
[info] There are no subtitles for the requested languages
[download] Downloading item 19 of 20
[youtube] Extracting URL: https://www.youtube.com/watch?v=BC7M2gD8LXY
[youtube] BC7M2gD8LXY: Downloading webpage
[youtube] BC7M2gD8LXY: Downloading android vr player API JSON
[youtube] BC7M2gD8LXY: Downloading web safari player API JSON
[youtube] [jsc:deno] Solving JS challenges using deno
[youtube] BC7M2gD8LXY: Downloading m3u8 information
[info] BC7M2gD8LXY: Downloading 1 format(s): 136+251
[info] There are no subtitles for the requested languages
[download] Downloading item 20 of 20
[youtube] Extracting URL: https://www.youtube.com/watch?v=m17NK9j79sE
[youtube] m17NK9j79sE: Downloading webpage
[youtube] m17NK9j79sE: Downloading android vr player API JSON
[youtube] m17NK9j79sE: Downloading web safari player API JSON
[youtube] [jsc:deno] Solving JS challenges using deno
[youtube] m17NK9j79sE: Downloading m3u8 information
[info] m17NK9j79sE: Downloading 1 format(s): 135+251
[info] There are no subtitles for the requested languages
[download] Finished downloading playlist: Financial Services and Investment Management
[youtube:tab] Extracting URL: https://youtube.com/playlist?list=PLZ9cCmppjelMTIBtpSh4tf-Me9SsLyu9H&si=anl-3fcT9zhYX7Q8
[youtube:tab] PLZ9cCmppjelMTIBtpSh4tf-Me9SsLyu9H: Downloading webpage
WARNING: [youtube:tab] YouTube said: INFO - 3 unavailable videos are hidden
[youtube:tab] PLZ9cCmppjelMTIBtpSh4tf-Me9SsLyu9H: Redownloading playlist API JSON with unavailable videos
[download] Downloading playlist: Financial Services and Investment Management
[youtube:tab] Playlist Financial Services and Investment Management: Downloading 14 items of 94
[download] Downloading item 1 of 14
[youtube] Extracting URL: https://www.youtube.com/watch?v=_YjxzTC1WKg
[youtube] _YjxzTC1WKg: Downloading webpage
[youtube] _YjxzTC1WKg: Downloading android vr player API JSON
[youtube] _YjxzTC1WKg: Downloading web safari player API JSON
[youtube] _YjxzTC1WKg: Downloading player 4c5cf06a-tv
[youtube] [jsc:deno] Solving JS challenges using deno
[youtube] _YjxzTC1WKg: Downloading m3u8 information
[info] _YjxzTC1WKg: Downloading 1 format(s): 136+251
[info] There are no subtitles for the requested languages
[download] Downloading item 2 of 14
[youtube] Extracting URL: https://www.youtube.com/watch?v=176WdY86JNM
[youtube] 176WdY86JNM: Downloading webpage
[youtube] 176WdY86JNM: Downloading android vr player API JSON
[youtube] 176WdY86JNM: Downloading web safari player API JSON
[youtube] [jsc:deno] Solving JS challenges using deno
[youtube] 176WdY86JNM: Downloading m3u8 information
[info] 176WdY86JNM: Downloading 1 format(s): 137+251
[info] There are no subtitles for the requested languages
[download] Downloading item 3 of 14
[youtube] Extracting URL: https://www.youtube.com/watch?v=dIWxZy3W_C8
[youtube] dIWxZy3W_C8: Downloading webpage
[youtube] dIWxZy3W_C8: Downloading android vr player API JSON
[youtube] dIWxZy3W_C8: Downloading web safari player API JSON
[youtube] [jsc:deno] Solving JS challenges using deno
[youtube] dIWxZy3W_C8: Downloading m3u8 information
[info] dIWxZy3W_C8: Downloading 1 format(s): 136+251
[info] There are no subtitles for the requested languages
[download] Downloading item 4 of 14
[youtube] Extracting URL: https://www.youtube.com/watch?v=EPWyE7rl4lE
[youtube] EPWyE7rl4lE: Downloading webpage
[youtube] EPWyE7rl4lE: Downloading android vr player API JSON
[youtube] EPWyE7rl4lE: Downloading web safari player API JSON
[youtube] [jsc:deno] Solving JS challenges using deno
[youtube] EPWyE7rl4lE: Downloading m3u8 information
[info] EPWyE7rl4lE: Downloading 1 format(s): 136+251
[info] There are no subtitles for the requested languages
[download] Downloading item 5 of 14
[youtube] Extracting URL: https://www.youtube.com/watch?v=4FFk8zzrN6o
[youtube] 4FFk8zzrN6o: Downloading webpage
[youtube] 4FFk8zzrN6o: Downloading android vr player API JSON
[youtube] 4FFk8zzrN6o: Downloading web safari player API JSON
[youtube] [jsc:deno] Solving JS challenges using deno
[youtube] 4FFk8zzrN6o: Downloading m3u8 information
[info] 4FFk8zzrN6o: Downloading 1 format(s): 136+251
[info] There are no subtitles for the requested languages
[download] Downloading item 6 of 14
[youtube] Extracting URL: https://www.youtube.com/watch?v=DCOFmosIVvk
[youtube] DCOFmosIVvk: Downloading webpage
[youtube] DCOFmosIVvk: Downloading android vr player API JSON
[youtube] DCOFmosIVvk: Downloading web safari player API JSON
[youtube] [jsc:deno] Solving JS challenges using deno
[youtube] DCOFmosIVvk: Downloading m3u8 information
[info] DCOFmosIVvk: Downloading 1 format(s): 136+251
[info] There are no subtitles for the requested languages
[download] Downloading item 7 of 14
[youtube] Extracting URL: https://www.youtube.com/watch?v=RP983OR_2-Q
[youtube] RP983OR_2-Q: Downloading webpage
[youtube] RP983OR_2-Q: Downloading android vr player API JSON
[youtube] RP983OR_2-Q: Downloading web safari player API JSON
[youtube] [jsc:deno] Solving JS challenges using deno
[youtube] RP983OR_2-Q: Downloading m3u8 information
[info] RP983OR_2-Q: Downloading 1 format(s): 136+251
[info] There are no subtitles for the requested languages
[download] Downloading item 8 of 14
[youtube] Extracting URL: https://www.youtube.com/watch?v=6eyY_W56Lls
[youtube] 6eyY_W56Lls: Downloading webpage
[youtube] 6eyY_W56Lls: Downloading android vr player API JSON
[youtube] 6eyY_W56Lls: Downloading web safari player API JSON
[youtube] [jsc:deno] Solving JS challenges using deno
[youtube] 6eyY_W56Lls: Downloading m3u8 information
[info] 6eyY_W56Lls: Downloading 1 format(s): 136+251
[info] There are no subtitles for the requested languages
[download] Downloading item 9 of 14
[youtube] Extracting URL: https://www.youtube.com/watch?v=BIBl91uT13s
[youtube] BIBl91uT13s: Downloading webpage
[youtube] BIBl91uT13s: Downloading android vr player API JSON
[youtube] BIBl91uT13s: Downloading web safari player API JSON
[youtube] [jsc:deno] Solving JS challenges using deno
[youtube] BIBl91uT13s: Downloading m3u8 information
[info] BIBl91uT13s: Downloading 1 format(s): 136+251
[info] There are no subtitles for the requested languages
[download] Downloading item 10 of 14
[youtube] Extracting URL: https://www.youtube.com/watch?v=vqj9pee4RDo
[youtube] vqj9pee4RDo: Downloading webpage
[youtube] vqj9pee4RDo: Downloading android vr player API JSON
[youtube] vqj9pee4RDo: Downloading web safari player API JSON
[youtube] [jsc:deno] Solving JS challenges using deno
[youtube] vqj9pee4RDo: Downloading m3u8 information
[info] vqj9pee4RDo: Downloading 1 format(s): 136+251
[info] There are no subtitles for the requested languages
[download] Downloading item 11 of 14
[youtube] Extracting URL: https://www.youtube.com/watch?v=TzRhZoGYkvI
[youtube] TzRhZoGYkvI: Downloading webpage
[youtube] TzRhZoGYkvI: Downloading android vr player API JSON
[youtube] TzRhZoGYkvI: Downloading web safari player API JSON
[youtube] [jsc:deno] Solving JS challenges using deno
[youtube] TzRhZoGYkvI: Downloading m3u8 information
[info] TzRhZoGYkvI: Downloading 1 format(s): 136+251
[info] There are no subtitles for the requested languages
[download] Downloading item 12 of 14
[youtube] Extracting URL: https://www.youtube.com/watch?v=mVAgLRvv4Uw
[youtube] mVAgLRvv4Uw: Downloading webpage
[youtube] mVAgLRvv4Uw: Downloading android vr player API JSON
[youtube] mVAgLRvv4Uw: Downloading web safari player API JSON
[youtube] [jsc:deno] Solving JS challenges using deno
[youtube] mVAgLRvv4Uw: Downloading m3u8 information
[info] mVAgLRvv4Uw: Downloading 1 format(s): 136+251
[info] There are no subtitles for the requested languages
[download] Downloading item 13 of 14
[youtube] Extracting URL: https://www.youtube.com/watch?v=qrL0waS0vqs
[youtube] qrL0waS0vqs: Downloading webpage
[youtube] qrL0waS0vqs: Downloading android vr player API JSON
[youtube] qrL0waS0vqs: Downloading web safari player API JSON
[youtube] [jsc:deno] Solving JS challenges using deno
[youtube] qrL0waS0vqs: Downloading m3u8 information
[info] qrL0waS0vqs: Downloading 1 format(s): 136+251
[info] There are no subtitles for the requested languages
[download] Downloading item 14 of 14
[youtube] Extracting URL: https://www.youtube.com/watch?v=rIlnFUO5ewE
[youtube] rIlnFUO5ewE: Downloading webpage
[youtube] rIlnFUO5ewE: Downloading android vr player API JSON
[youtube] rIlnFUO5ewE: Downloading web safari player API JSON
[youtube] [jsc:deno] Solving JS challenges using deno
[youtube] rIlnFUO5ewE: Downloading m3u8 information
[info] rIlnFUO5ewE: Downloading 1 format(s): 136+251
[info] There are no subtitles for the requested languages
[download] Finished downloading playlist: Financial Services and Investment Management
