[youtube:tab] Extracting URL: https://youtube.com/playlist?list=PLZ9cCmppjelNtj9dp1PKyy7TU14YPpzHS&si=-WmX_zHY3piDFMVa
[youtube:tab] PLZ9cCmppjelNtj9dp1PKyy7TU14YPpzHS: Downloading webpage
[youtube:tab] PLZ9cCmppjelNtj9dp1PKyy7TU14YPpzHS: Redownloading playlist API JSON with unavailable videos
[download] Downloading playlist: Fintech
[youtube:tab] Playlist Fintech: Downloading 17 items of 17
[download] Downloading item 1 of 17
[youtube] Extracting URL: https://www.youtube.com/watch?v=QzQRWoJLD6k
[youtube] QzQRWoJLD6k: Downloading webpage
[youtube] QzQRWoJLD6k: Downloading android vr player API JSON
[youtube] QzQRWoJLD6k: Downloading web safari player API JSON
[youtube] QzQRWoJLD6k: Downloading player 4c5cf06a-tv
[youtube] [jsc:deno] Solving JS challenges using deno
[youtube] QzQRWoJLD6k: Downloading m3u8 information
[info] QzQRWoJLD6k: Downloading 1 format(s): 136+251
[info] There are no subtitles for the requested languages
[download] Downloading item 2 of 17
[youtube] Extracting URL: https://www.youtube.com/watch?v=KxZeGIa_JZc
[youtube] KxZeGIa_JZc: Downloading webpage
[youtube] KxZeGIa_JZc: Downloading android vr player API JSON
[youtube] KxZeGIa_JZc: Downloading web safari player API JSON
[youtube] [jsc:deno] Solving JS challenges using deno
[youtube] KxZeGIa_JZc: Downloading m3u8 information
[info] KxZeGIa_JZc: Downloading 1 format(s): 136+251
[info] There are no subtitles for the requested languages
[download] Downloading item 3 of 17
[youtube] Extracting URL: https://www.youtube.com/watch?v=no0pQRkx8Ko
[youtube] no0pQRkx8Ko: Downloading webpage
[youtube] no0pQRkx8Ko: Downloading android vr player API JSON
[youtube] no0pQRkx8Ko: Downloading web safari player API JSON
[youtube] [jsc:deno] Solving JS challenges using deno
[youtube] no0pQRkx8Ko: Downloading m3u8 information
[info] no0pQRkx8Ko: Downloading 1 format(s): 136+251
[info] There are no subtitles for the requested languages
[download] Downloading item 4 of 17
[youtube] Extracting URL: https://www.youtube.com/watch?v=jtAsKKGeCWM
[youtube] jtAsKKGeCWM: Downloading webpage
[youtube] jtAsKKGeCWM: Downloading android vr player API JSON
[youtube] jtAsKKGeCWM: Downloading web safari player API JSON
[youtube] [jsc:deno] Solving JS challenges using deno
[youtube] jtAsKKGeCWM: Downloading m3u8 information
[info] jtAsKKGeCWM: Downloading 1 format(s): 136+251
[info] There are no subtitles for the requested languages
[download] Downloading item 5 of 17
[youtube] Extracting URL: https://www.youtube.com/watch?v=HeAZeduCWiQ
[youtube] HeAZeduCWiQ: Downloading webpage
[youtube] HeAZeduCWiQ: Downloading android vr player API JSON
[youtube] HeAZeduCWiQ: Downloading web safari player API JSON
[youtube] [jsc:deno] Solving JS challenges using deno
[youtube] HeAZeduCWiQ: Downloading m3u8 information
[info] HeAZeduCWiQ: Downloading 1 format(s): 299+251
[info] There are no subtitles for the requested languages
[download] Downloading item 6 of 17
[youtube] Extracting URL: https://www.youtube.com/watch?v=Zeo3auJ-NW8
[youtube] Zeo3auJ-NW8: Downloading webpage
[youtube] Zeo3auJ-NW8: Downloading android vr player API JSON
[youtube] Zeo3auJ-NW8: Downloading web safari player API JSON
[youtube] [jsc:deno] Solving JS challenges using deno
[youtube] Zeo3auJ-NW8: Downloading m3u8 information
[info] Zeo3auJ-NW8: Downloading 1 format(s): 299+251
[info] There are no subtitles for the requested languages
[download] Downloading item 7 of 17
[youtube] Extracting URL: https://www.youtube.com/watch?v=SPJ8S27zUZw
[youtube] SPJ8S27zUZw: Downloading webpage
[youtube] SPJ8S27zUZw: Downloading android vr player API JSON
[youtube] SPJ8S27zUZw: Downloading web safari player API JSON
[youtube] [jsc:deno] Solving JS challenges using deno
[youtube] SPJ8S27zUZw: Downloading m3u8 information
[info] SPJ8S27zUZw: Downloading 1 format(s): 299+251
[info] There are no subtitles for the requested languages
[download] Downloading item 8 of 17
[youtube] Extracting URL: https://www.youtube.com/watch?v=BIj1ngPHDqM
[youtube] BIj1ngPHDqM: Downloading webpage
[youtube] BIj1ngPHDqM: Downloading android vr player API JSON
[youtube] BIj1ngPHDqM: Downloading web safari player API JSON
[youtube] [jsc:deno] Solving JS challenges using deno
[youtube] BIj1ngPHDqM: Downloading m3u8 information
[info] BIj1ngPHDqM: Downloading 1 format(s): 299+251
[info] There are no subtitles for the requested languages
[download] Downloading item 9 of 17
[youtube] Extracting URL: https://www.youtube.com/watch?v=UR_rEJMcPcU
[youtube] UR_rEJMcPcU: Downloading webpage
[youtube] UR_rEJMcPcU: Downloading android vr player API JSON
[youtube] UR_rEJMcPcU: Downloading web safari player API JSON
[youtube] [jsc:deno] Solving JS challenges using deno
[youtube] UR_rEJMcPcU: Downloading m3u8 information
[info] UR_rEJMcPcU: Downloading 1 format(s): 136+251
[info] There are no subtitles for the requested languages
[download] Downloading item 10 of 17
[youtube] Extracting URL: https://www.youtube.com/watch?v=lp2lNiMzsko
[youtube] lp2lNiMzsko: Downloading webpage
[youtube] lp2lNiMzsko: Downloading android vr player API JSON
[youtube] lp2lNiMzsko: Downloading web safari player API JSON
[youtube] [jsc:deno] Solving JS challenges using deno
[youtube] lp2lNiMzsko: Downloading m3u8 information
[info] lp2lNiMzsko: Downloading 1 format(s): 136+251
[info] There are no subtitles for the requested languages
[download] Downloading item 11 of 17
[youtube] Extracting URL: https://www.youtube.com/watch?v=jNIrydjmpRE
[youtube] jNIrydjmpRE: Downloading webpage
[youtube] jNIrydjmpRE: Downloading android vr player API JSON
[youtube] jNIrydjmpRE: Downloading web safari player API JSON
[youtube] [jsc:deno] Solving JS challenges using deno
[youtube] jNIrydjmpRE: Downloading m3u8 information
[info] jNIrydjmpRE: Downloading 1 format(s): 136+251
[info] There are no subtitles for the requested languages
[download] Downloading item 12 of 17
[youtube] Extracting URL: https://www.youtube.com/watch?v=RD0t-1JTPVA
[youtube] RD0t-1JTPVA: Downloading webpage
[youtube] RD0t-1JTPVA: Downloading android vr player API JSON
[youtube] RD0t-1JTPVA: Downloading web safari player API JSON
[youtube] [jsc:deno] Solving JS challenges using deno
[youtube] RD0t-1JTPVA: Downloading m3u8 information
[info] RD0t-1JTPVA: Downloading 1 format(s): 136+251
[info] There are no subtitles for the requested languages
[download] Downloading item 13 of 17
[youtube] Extracting URL: https://www.youtube.com/watch?v=F_9ae1BkfjY
[youtube] F_9ae1BkfjY: Downloading webpage
[youtube] F_9ae1BkfjY: Downloading android vr player API JSON
[youtube] F_9ae1BkfjY: Downloading web safari player API JSON
[youtube] [jsc:deno] Solving JS challenges using deno
[youtube] F_9ae1BkfjY: Downloading m3u8 information
[info] F_9ae1BkfjY: Downloading 1 format(s): 136+251
[info] There are no subtitles for the requested languages
[download] Downloading item 14 of 17
[youtube] Extracting URL: https://www.youtube.com/watch?v=FukrvgLwvNs
[youtube] FukrvgLwvNs: Downloading webpage
[youtube] FukrvgLwvNs: Downloading android vr player API JSON
[youtube] FukrvgLwvNs: Downloading web safari player API JSON
[youtube] [jsc:deno] Solving JS challenges using deno
[youtube] FukrvgLwvNs: Downloading m3u8 information
[info] FukrvgLwvNs: Downloading 1 format(s): 136+251
[info] There are no subtitles for the requested languages
[download] Downloading item 15 of 17
[youtube] Extracting URL: https://www.youtube.com/watch?v=vKEwO7APQlI
[youtube] vKEwO7APQlI: Downloading webpage
[youtube] vKEwO7APQlI: Downloading android vr player API JSON
[youtube] vKEwO7APQlI: Downloading web safari player API JSON
[youtube] [jsc:deno] Solving JS challenges using deno
[youtube] vKEwO7APQlI: Downloading m3u8 information
[info] vKEwO7APQlI: Downloading 1 format(s): 136+251
[info] There are no subtitles for the requested languages
[download] Downloading item 16 of 17
[youtube] Extracting URL: https://www.youtube.com/watch?v=TzRhZoGYkvI
[youtube] TzRhZoGYkvI: Downloading webpage
[youtube] TzRhZoGYkvI: Downloading android vr player API JSON
[youtube] TzRhZoGYkvI: Downloading web safari player API JSON
[youtube] [jsc:deno] Solving JS challenges using deno
[youtube] TzRhZoGYkvI: Downloading m3u8 information
[info] TzRhZoGYkvI: Downloading 1 format(s): 136+251
[info] There are no subtitles for the requested languages
[download] Downloading item 17 of 17
[youtube] Extracting URL: https://www.youtube.com/watch?v=qrL0waS0vqs
[youtube] qrL0waS0vqs: Downloading webpage
[youtube] qrL0waS0vqs: Downloading android vr player API JSON
[youtube] qrL0waS0vqs: Downloading web safari player API JSON
[youtube] [jsc:deno] Solving JS challenges using deno
[youtube] qrL0waS0vqs: Downloading m3u8 information
[info] qrL0waS0vqs: Downloading 1 format(s): 136+251
[info] There are no subtitles for the requested languages
[download] Finished downloading playlist: Fintech
